2025-12-18 05:55:55,787 - ERROR - An error occurred: Unexpected Response: 404 (Not Found)
Raw response content:
b'{"status":{"error":"Not found: Collection `docusaurus_book_rag` doesn\'t exist!"},"time":0.000010934}'
Traceback (most recent call last):
  File "G:\umair\ai-book\main.py", line 65, in chat_endpoint
    search_result = qdrant_client.search(
        collection_name=QDRANT_COLLECTION_NAME,
        query_vector=query_embedding,
        limit=3 # top_k=3 as per requirements
    )
  File "G:\umair\ai-book\.venv\Lib\site-packages\qdrant_client\qdrant_client.py", line 345, in search
    return self._client.search(
           ~~~~~~~~~~~~~~~~~~~^
        collection_name=collection_name,
        ^^^^^^^^^^^^^^^^^^^^^^^^^^^^^^^^
    ...<12 lines>...
        **kwargs,
        ^^^^^^^^^
    )
    ^
  File "G:\umair\ai-book\.venv\Lib\site-packages\qdrant_client\qdrant_remote.py", line 479, in search
    search_result = self.http.points_api.search_points(
        collection_name=collection_name,
    ...<12 lines>...
        ),
    )
  File "G:\umair\ai-book\.venv\Lib\site-packages\qdrant_client\http\api\points_api.py", line 1388, in search_points
    return self._build_for_search_points(
           ~~~~~~~~~~~~~~~~~~~~~~~~~~~~~^
        collection_name=collection_name,
        ^^^^^^^^^^^^^^^^^^^^^^^^^^^^^^^^
    ...<2 lines>...
        search_request=search_request,
        ^^^^^^^^^^^^^^^^^^^^^^^^^^^^^^
    )
    ^
  File "G:\umair\ai-book\.venv\Lib\site-packages\qdrant_client\http\api\points_api.py", line 636, in _build_for_search_points
    return self.api_client.request(
           ~~~~~~~~~~~~~~~~~~~~~~~^
        type_=m.InlineResponse20015,
        ^^^^^^^^^^^^^^^^^^^^^^^^^^^^
    ...<5 lines>...
        content=body,
        ^^^^^^^^^^^^^
    )
    ^
  File "G:\umair\ai-book\.venv\Lib\site-packages\qdrant_client\http\api_client.py", line 74, in request
    return self.send(request, type_)
           ~~~~~~~~~^^^^^^^^^^^^^^^^
  File "G:\umair\ai-book\.venv\Lib\site-packages\qdrant_client\http\api_client.py", line 97, in send
    raise UnexpectedResponse.for_response(response)
qdrant_client.http.exceptions.UnexpectedResponse: Unexpected Response: 404 (Not Found)
Raw response content:
b'{"status":{"error":"Not found: Collection `docusaurus_book_rag` doesn\'t exist!"},"time":0.000010934}'
2025-12-18 06:07:43,644 - ERROR - An error occurred: Unexpected Response: 404 (Not Found)
Raw response content:
b'{"status":{"error":"Not found: Collection `docusaurus_book_rag` doesn\'t exist!"},"time":4.226e-6}'
Traceback (most recent call last):
  File "G:\umair\ai-book\main.py", line 67, in chat_endpoint
    search_result = qdrant_client.search(
        collection_name=QDRANT_COLLECTION_NAME,
        query_vector=query_embedding,
        limit=3 # top_k=3 as per requirements
    )
  File "G:\umair\ai-book\.venv\Lib\site-packages\qdrant_client\qdrant_client.py", line 345, in search
    return self._client.search(
           ~~~~~~~~~~~~~~~~~~~^
        collection_name=collection_name,
        ^^^^^^^^^^^^^^^^^^^^^^^^^^^^^^^^
    ...<12 lines>...
        **kwargs,
        ^^^^^^^^^
    )
    ^
  File "G:\umair\ai-book\.venv\Lib\site-packages\qdrant_client\qdrant_remote.py", line 479, in search
    search_result = self.http.points_api.search_points(
        collection_name=collection_name,
    ...<12 lines>...
        ),
    )
  File "G:\umair\ai-book\.venv\Lib\site-packages\qdrant_client\http\api\points_api.py", line 1388, in search_points
    return self._build_for_search_points(
           ~~~~~~~~~~~~~~~~~~~~~~~~~~~~~^
        collection_name=collection_name,
        ^^^^^^^^^^^^^^^^^^^^^^^^^^^^^^^^
    ...<2 lines>...
        search_request=search_request,
        ^^^^^^^^^^^^^^^^^^^^^^^^^^^^^^
    )
    ^
  File "G:\umair\ai-book\.venv\Lib\site-packages\qdrant_client\http\api\points_api.py", line 636, in _build_for_search_points
    return self.api_client.request(
           ~~~~~~~~~~~~~~~~~~~~~~~^
        type_=m.InlineResponse20015,
        ^^^^^^^^^^^^^^^^^^^^^^^^^^^^
    ...<5 lines>...
        content=body,
        ^^^^^^^^^^^^^
    )
    ^
  File "G:\umair\ai-book\.venv\Lib\site-packages\qdrant_client\http\api_client.py", line 74, in request
    return self.send(request, type_)
           ~~~~~~~~~^^^^^^^^^^^^^^^^
  File "G:\umair\ai-book\.venv\Lib\site-packages\qdrant_client\http\api_client.py", line 97, in send
    raise UnexpectedResponse.for_response(response)
qdrant_client.http.exceptions.UnexpectedResponse: Unexpected Response: 404 (Not Found)
Raw response content:
b'{"status":{"error":"Not found: Collection `docusaurus_book_rag` doesn\'t exist!"},"time":4.226e-6}'
2025-12-18 06:10:09,255 - ERROR - An error occurred: _ssl.c:1059: The handshake operation timed out
Traceback (most recent call last):
  File "G:\umair\ai-book\.venv\Lib\site-packages\httpx\_transports\default.py", line 101, in map_httpcore_exceptions
    yield
  File "G:\umair\ai-book\.venv\Lib\site-packages\httpx\_transports\default.py", line 250, in handle_request
    resp = self._pool.handle_request(req)
  File "G:\umair\ai-book\.venv\Lib\site-packages\httpcore\_sync\connection_pool.py", line 256, in handle_request
    raise exc from None
  File "G:\umair\ai-book\.venv\Lib\site-packages\httpcore\_sync\connection_pool.py", line 236, in handle_request
    response = connection.handle_request(
        pool_request.request
    )
  File "G:\umair\ai-book\.venv\Lib\site-packages\httpcore\_sync\connection.py", line 101, in handle_request
    raise exc
  File "G:\umair\ai-book\.venv\Lib\site-packages\httpcore\_sync\connection.py", line 78, in handle_request
    stream = self._connect(request)
  File "G:\umair\ai-book\.venv\Lib\site-packages\httpcore\_sync\connection.py", line 156, in _connect
    stream = stream.start_tls(**kwargs)
  File "G:\umair\ai-book\.venv\Lib\site-packages\httpcore\_backends\sync.py", line 154, in start_tls
    with map_exceptions(exc_map):
         ~~~~~~~~~~~~~~^^^^^^^^^
  File "C:\Users\Ali Raza\AppData\Local\Programs\Python\Python314\Lib\contextlib.py", line 162, in __exit__
    self.gen.throw(value)
    ~~~~~~~~~~~~~~^^^^^^^
  File "G:\umair\ai-book\.venv\Lib\site-packages\httpcore\_exceptions.py", line 14, in map_exceptions
    raise to_exc(exc) from exc
httpcore.ConnectTimeout: _ssl.c:1059: The handshake operation timed out

The above exception was the direct cause of the following exception:

Traceback (most recent call last):
  File "G:\umair\ai-book\.venv\Lib\site-packages\qdrant_client\http\api_client.py", line 101, in send_inner
    response = self._client.send(request)
  File "G:\umair\ai-book\.venv\Lib\site-packages\httpx\_client.py", line 914, in send
    response = self._send_handling_auth(
        request,
    ...<2 lines>...
        history=[],
    )
  File "G:\umair\ai-book\.venv\Lib\site-packages\httpx\_client.py", line 942, in _send_handling_auth
    response = self._send_handling_redirects(
        request,
        follow_redirects=follow_redirects,
        history=history,
    )
  File "G:\umair\ai-book\.venv\Lib\site-packages\httpx\_client.py", line 979, in _send_handling_redirects
    response = self._send_single_request(request)
  File "G:\umair\ai-book\.venv\Lib\site-packages\httpx\_client.py", line 1014, in _send_single_request
    response = transport.handle_request(request)
  File "G:\umair\ai-book\.venv\Lib\site-packages\httpx\_transports\default.py", line 249, in handle_request
    with map_httpcore_exceptions():
         ~~~~~~~~~~~~~~~~~~~~~~~^^
  File "C:\Users\Ali Raza\AppData\Local\Programs\Python\Python314\Lib\contextlib.py", line 162, in __exit__
    self.gen.throw(value)
    ~~~~~~~~~~~~~~^^^^^^^
  File "G:\umair\ai-book\.venv\Lib\site-packages\httpx\_transports\default.py", line 118, in map_httpcore_exceptions
    raise mapped_exc(message) from exc
httpx.ConnectTimeout: _ssl.c:1059: The handshake operation timed out

During handling of the above exception, another exception occurred:

Traceback (most recent call last):
  File "G:\umair\ai-book\main.py", line 67, in chat_endpoint
    search_result = qdrant_client.search(
        collection_name=QDRANT_COLLECTION_NAME,
        query_vector=query_embedding,
        limit=3 # top_k=3 as per requirements
    )
  File "G:\umair\ai-book\.venv\Lib\site-packages\qdrant_client\qdrant_client.py", line 345, in search
    return self._client.search(
           ~~~~~~~~~~~~~~~~~~~^
        collection_name=collection_name,
        ^^^^^^^^^^^^^^^^^^^^^^^^^^^^^^^^
    ...<12 lines>...
        **kwargs,
        ^^^^^^^^^
    )
    ^
  File "G:\umair\ai-book\.venv\Lib\site-packages\qdrant_client\qdrant_remote.py", line 479, in search
    search_result = self.http.points_api.search_points(
        collection_name=collection_name,
    ...<12 lines>...
        ),
    )
  File "G:\umair\ai-book\.venv\Lib\site-packages\qdrant_client\http\api\points_api.py", line 1388, in search_points
    return self._build_for_search_points(
           ~~~~~~~~~~~~~~~~~~~~~~~~~~~~~^
        collection_name=collection_name,
        ^^^^^^^^^^^^^^^^^^^^^^^^^^^^^^^^
    ...<2 lines>...
        search_request=search_request,
        ^^^^^^^^^^^^^^^^^^^^^^^^^^^^^^
    )
    ^
  File "G:\umair\ai-book\.venv\Lib\site-packages\qdrant_client\http\api\points_api.py", line 636, in _build_for_search_points
    return self.api_client.request(
           ~~~~~~~~~~~~~~~~~~~~~~~^
        type_=m.InlineResponse20015,
        ^^^^^^^^^^^^^^^^^^^^^^^^^^^^
    ...<5 lines>...
        content=body,
        ^^^^^^^^^^^^^
    )
    ^
  File "G:\umair\ai-book\.venv\Lib\site-packages\qdrant_client\http\api_client.py", line 74, in request
    return self.send(request, type_)
           ~~~~~~~~~^^^^^^^^^^^^^^^^
  File "G:\umair\ai-book\.venv\Lib\site-packages\qdrant_client\http\api_client.py", line 91, in send
    response = self.middleware(request, self.send_inner)
  File "G:\umair\ai-book\.venv\Lib\site-packages\qdrant_client\http\api_client.py", line 200, in __call__
    return call_next(request)
  File "G:\umair\ai-book\.venv\Lib\site-packages\qdrant_client\http\api_client.py", line 103, in send_inner
    raise ResponseHandlingException(e)
qdrant_client.http.exceptions.ResponseHandlingException: _ssl.c:1059: The handshake operation timed out
2025-12-18 06:50:36,507 - ERROR - An error occurred: Error embedding content: [Errno 11001] getaddrinfo failed
Traceback (most recent call last):
  File "G:\umair\ai-book\.venv\Lib\site-packages\httpx\_transports\default.py", line 101, in map_httpcore_exceptions
    yield
  File "G:\umair\ai-book\.venv\Lib\site-packages\httpx\_transports\default.py", line 250, in handle_request
    resp = self._pool.handle_request(req)
  File "G:\umair\ai-book\.venv\Lib\site-packages\httpcore\_sync\connection_pool.py", line 256, in handle_request
    raise exc from None
  File "G:\umair\ai-book\.venv\Lib\site-packages\httpcore\_sync\connection_pool.py", line 236, in handle_request
    response = connection.handle_request(
        pool_request.request
    )
  File "G:\umair\ai-book\.venv\Lib\site-packages\httpcore\_sync\connection.py", line 101, in handle_request
    raise exc
  File "G:\umair\ai-book\.venv\Lib\site-packages\httpcore\_sync\connection.py", line 78, in handle_request
    stream = self._connect(request)
  File "G:\umair\ai-book\.venv\Lib\site-packages\httpcore\_sync\connection.py", line 124, in _connect
    stream = self._network_backend.connect_tcp(**kwargs)
  File "G:\umair\ai-book\.venv\Lib\site-packages\httpcore\_backends\sync.py", line 207, in connect_tcp
    with map_exceptions(exc_map):
         ~~~~~~~~~~~~~~^^^^^^^^^
  File "C:\Users\Ali Raza\AppData\Local\Programs\Python\Python314\Lib\contextlib.py", line 162, in __exit__
    self.gen.throw(value)
    ~~~~~~~~~~~~~~^^^^^^^
  File "G:\umair\ai-book\.venv\Lib\site-packages\httpcore\_exceptions.py", line 14, in map_exceptions
    raise to_exc(exc) from exc
httpcore.ConnectError: [Errno 11001] getaddrinfo failed

The above exception was the direct cause of the following exception:

Traceback (most recent call last):
  File "G:\umair\ai-book\.venv\Lib\site-packages\langchain_google_genai\embeddings.py", line 469, in embed_query
    result = self.client.models.embed_content(
        model=self.model,
        contents=text,
        config=config,
    )
  File "G:\umair\ai-book\.venv\Lib\site-packages\google\genai\models.py", line 4167, in embed_content
    response = self._api_client.request(
        'post', path, request_dict, http_options
    )
  File "G:\umair\ai-book\.venv\Lib\site-packages\google\genai\_api_client.py", line 1388, in request
    response = self._request(http_request, http_options, stream=False)
  File "G:\umair\ai-book\.venv\Lib\site-packages\google\genai\_api_client.py", line 1224, in _request
    return self._retry(self._request_once, http_request, stream)  # type: ignore[no-any-return]
           ~~~~~~~~~~~^^^^^^^^^^^^^^^^^^^^^^^^^^^^^^^^^^^^^^^^^^
  File "G:\umair\ai-book\.venv\Lib\site-packages\tenacity\__init__.py", line 477, in __call__
    do = self.iter(retry_state=retry_state)
  File "G:\umair\ai-book\.venv\Lib\site-packages\tenacity\__init__.py", line 378, in iter
    result = action(retry_state)
  File "G:\umair\ai-book\.venv\Lib\site-packages\tenacity\__init__.py", line 420, in exc_check
    raise retry_exc.reraise()
          ~~~~~~~~~~~~~~~~~^^
  File "G:\umair\ai-book\.venv\Lib\site-packages\tenacity\__init__.py", line 187, in reraise
    raise self.last_attempt.result()
          ~~~~~~~~~~~~~~~~~~~~~~~~^^
  File "C:\Users\Ali Raza\AppData\Local\Programs\Python\Python314\Lib\concurrent\futures\_base.py", line 443, in result
    return self.__get_result()
           ~~~~~~~~~~~~~~~~~^^
  File "C:\Users\Ali Raza\AppData\Local\Programs\Python\Python314\Lib\concurrent\futures\_base.py", line 395, in __get_result
    raise self._exception
  File "G:\umair\ai-book\.venv\Lib\site-packages\tenacity\__init__.py", line 480, in __call__
    result = fn(*args, **kwargs)
  File "G:\umair\ai-book\.venv\Lib\site-packages\google\genai\_api_client.py", line 1194, in _request_once
    response = self._httpx_client.request(
        method=http_request.method,
    ...<3 lines>...
        timeout=http_request.timeout,
    )
  File "G:\umair\ai-book\.venv\Lib\site-packages\httpx\_client.py", line 825, in request
    return self.send(request, auth=auth, follow_redirects=follow_redirects)
           ~~~~~~~~~^^^^^^^^^^^^^^^^^^^^^^^^^^^^^^^^^^^^^^^^^^^^^^^^^^^^^^^
  File "G:\umair\ai-book\.venv\Lib\site-packages\httpx\_client.py", line 914, in send
    response = self._send_handling_auth(
        request,
    ...<2 lines>...
        history=[],
    )
  File "G:\umair\ai-book\.venv\Lib\site-packages\httpx\_client.py", line 942, in _send_handling_auth
    response = self._send_handling_redirects(
        request,
        follow_redirects=follow_redirects,
        history=history,
    )
  File "G:\umair\ai-book\.venv\Lib\site-packages\httpx\_client.py", line 979, in _send_handling_redirects
    response = self._send_single_request(request)
  File "G:\umair\ai-book\.venv\Lib\site-packages\httpx\_client.py", line 1014, in _send_single_request
    response = transport.handle_request(request)
  File "G:\umair\ai-book\.venv\Lib\site-packages\httpx\_transports\default.py", line 249, in handle_request
    with map_httpcore_exceptions():
         ~~~~~~~~~~~~~~~~~~~~~~~^^
  File "C:\Users\Ali Raza\AppData\Local\Programs\Python\Python314\Lib\contextlib.py", line 162, in __exit__
    self.gen.throw(value)
    ~~~~~~~~~~~~~~^^^^^^^
  File "G:\umair\ai-book\.venv\Lib\site-packages\httpx\_transports\default.py", line 118, in map_httpcore_exceptions
    raise mapped_exc(message) from exc
httpx.ConnectError: [Errno 11001] getaddrinfo failed

The above exception was the direct cause of the following exception:

Traceback (most recent call last):
  File "G:\umair\ai-book\main.py", line 64, in chat_endpoint
    query_embedding = embeddings_model.embed_query(request.query)
  File "G:\umair\ai-book\.venv\Lib\site-packages\langchain_google_genai\embeddings.py", line 479, in embed_query
    raise GoogleGenerativeAIError(msg) from e
langchain_google_genai._common.GoogleGenerativeAIError: Error embedding content: [Errno 11001] getaddrinfo failed
